02-12-2020 14:49:57 INFO  AppScreenController:53 - Result= true;Input= FZ201130X2320T28744310;Output= FZ201130X2320T24392003;FISresult= BCNF|id=FZ201130X2320T28744310|status=FAIL|msg=unit: FZ201130X2320T24392003 already exists|
02-12-2020 15:07:41 INFO  AppScreenController:54 - Result= false;Input= FZ201130X2320T28744310;Output= FZ201130X2320T24392003;FISresult= BCNF|id=FZ201130X2320T28744310|status=FAIL|msg=unit: FZ201130X2320T24392003 already exists|
02-12-2020 15:08:24 INFO  AppScreenController:54 - Result= true;Input= FZ201130X2320T28744310;Output= FZ201130X2320T24392003;FISresult= BCNF|id=FZ201130X2320T28744310|status=FAIL|msg=unit: FZ201130X2320T24392003 already exists|
02-12-2020 15:09:36 INFO  AppScreenController:54 - Result= true;Input= FZ201130X2320T28744310;Output= FZ201130X2320T24392003;FISresult= BCNF|id=FZ201130X2320T28744310|status=FAIL|msg=unit: FZ201130X2320T24392003 already exists|
02-12-2020 15:11:41 INFO  AppScreenController:54 - Result= true;Input= FZ201130X2320T28744310;Output= FZ201130X2320T24392003;FISresult= BCNF|id=FZ201130X2320T28744310|status=FAIL|msg=unit: FZ201130X2320T24392003 already exists|
02-12-2020 15:20:22 INFO  AppScreenController:54 - Result= true;Input= FZ201130X2320T28744310;Output= FZ201130X2320T24392003;FISresult= BREQ|id=FZ201130X2320T28744310|process=REFLASH|station=BMW_RM_REFLASH_1|newid=FZ201130X2320T24392003BCNF|id=FZ201130X2320T28744310|status=FAIL|msg=unit: FZ201130X2320T24392003 already exists|nullnull
02-12-2020 15:21:06 INFO  AppScreenController:54 - Result= true;Input= FZ201130X2320T28744310;Output= FZ201130X2320T24392003;FISresult= BREQ|id=FZ201130X2320T28744310|process=REFLASH|station=BMW_RM_REFLASH_1|newid=FZ201130X2320T24392003BCNF|id=FZ201130X2320T28744310|status=FAIL|msg=unit: FZ201130X2320T24392003 already exists|nullnull
02-12-2020 15:21:13 INFO  AppScreenController:54 - Result= true;Input= FZ201130X2320T28744310;Output= FZ201130X2320T24392003;FISresult= BREQ|id=FZ201130X2320T28744310|process=REFLASH|station=BMW_RM_REFLASH_1|newid=FZ201130X2320T24392003BCNF|id=FZ201130X2320T28744310|status=FAIL|msg=unit: FZ201130X2320T24392003 already exists|nullnull
02-12-2020 17:11:20 INFO  AppScreenController:75 - Result= true;Input= FZ201130X2320T28744310;Output= FZ201130X2320T24392003;FISresult= BREQ|id=FZ201130X2320T28744310|process=REFLASH|station=BMW_RM_REFLASH_1|newid=FZ201130X2320T24392003BCNF|id=FZ201130X2320T28744310|status=FAIL|msg=unit: FZ201130X2320T24392003 already exists|nullnull
02-12-2020 17:34:35 INFO  AppScreenController:75 - Result= true;Input= FZ201130X2320T28744310;Output= FZ201130X2320T24392003;FISresult= BREQ|id=FZ201130X2320T28744310|process=REFLASH|station=BMW_RM_REFLASH_1|newid=FZ201130X2320T24392003BCNF|id=FZ201130X2320T28744310|status=FAIL|msg=unit: FZ201130X2320T24392003 already exists|nullnull
02-12-2020 17:35:02 INFO  AppScreenController:75 - Result= true;Input= FZ201130X2320T28744310;Output= FZ201130X2320T24392003;FISresult= BREQ|id=FZ201130X2320T28744310|process=REFLASH|station=BMW_RM_REFLASH_1|newid=FZ201130X2320T24392003nullnull
02-12-2020 21:54:41 INFO  AppScreenController:80 - Result= false;Input= 28112233;Output= 28114444;FISresult= BREQ|id=28112233|process=REFLASH|station=BMW_RM_REFLASH_1|newid=28114444nullnull
02-12-2020 22:00:18 INFO  AppScreenController:80 - Result= false;Input= 28112233;Output= 28114444;FISresult= BREQ|id=28112233|process=REFLASH|station=BMW_RM_REFLASH_1|newid=28114444
02-12-2020 22:01:14 INFO  AppScreenController:80 - Result= false;Input= 28112233;Output= 28114444;FISresult= BREQ|id=28112233|process=REFLASH|station=BMW_RM_REFLASH_1|newid=28114444
02-12-2020 22:04:17 INFO  AppScreenController:80 - Result= false;Input= 28112233;Output= 28114444;FISresult= BREQ|id=28112233|process=REFLASH|station=BMW_RM_REFLASH_1|newid=28114444NOmessageBCMPNOresponseBCMP
02-12-2020 22:06:23 INFO  AppScreenController:80 - Result= false;Input= 28112233;Output= 28114444;FISresult= BREQ|id=28112233|process=REFLASH|station=BMW_RM_REFLASH_1|newid=28114444NOmessageBCMPNOresponseBCMP
02-12-2020 22:09:41 INFO  AppScreenController:80 - Result= false;Input= 28112233;Output= 28114444;FISresult= BREQ|id=28112233|process=REFLASH|station=BMW_RM_REFLASH_1|newid=28114444NOresponseBRENOmessageBCMPNOresponseBCMP
02-12-2020 22:11:32 INFO  AppScreenController:80 - Result= false;Input= 28112233;Output= 28114444;FISresult= BREQ|id=28112233|process=REFLASH|station=BMW_RM_REFLASH_1|newid=28114444NOresponseBREQNOmessageBCMPNOresponseBCMP
02-12-2020 22:15:13 INFO  AppScreenController:80 - Result= false;Input= 28112233;Output= 28114444;FISresult= BREQ|id=28112233|process=REFLASH|station=BMW_RM_REFLASH_1|newid=28114444;NOresponseBREQ;NOmessageBCMP;NOresponseBCMP
02-12-2020 22:18:54 INFO  AppScreenController:80 - Result= false;Input= 28112233;Output= 28114444;FISresult= BREQ|id=28112233|process=REFLASH|station=BMW_RM_REFLASH_1|newid=28114444;NOresponseBREQ;NOmessageBCMP;NOresponseBCMP
02-12-2020 22:21:10 INFO  AppScreenController:80 - Result= false;Input= 28112233;Output= 28114444;FISresult= BREQ|id=28112233|process=REFLASH|station=BMW_RM_REFLASH_1|newid=28114444;NOresponseBREQ;NOmessageBCMP;NOresponseBCMP
02-12-2020 22:23:27 INFO  AppScreenController:80 - Result= false;Input= 28112233;Output= 28114444;FISresult= BREQ|id=28112233|process=REFLASH|station=BMW_RM_REFLASH_1|newid=28114444;NOresponseBREQ;NOmessageBCMP;NOresponseBCMP
02-12-2020 22:39:02 INFO  AppScreenController:89 - Result= false;Input= 28112233;Output= 28114444;FISresult= BREQ|id=28112233|process=REFLASH|station=BMW_RM_REFLASH_1|newid=28114444;NOresponseBREQ;NOmessageBCMP;NOresponseBCMP
02-12-2020 22:44:00 INFO  AppScreenController:91 - Result= false;Input= 28112233;Output= 28114444;FISresult= BREQ|id=28112233|process=REFLASH|station=BMW_RM_REFLASH_1|newid=28114444;NOresponseBREQ;NOmessageBCMP;NOresponseBCMP
02-12-2020 23:29:41 INFO  AppScreenController:93 - Result= false;Input= 28112233;Output= 28114444;FISresult= BREQ|id=28112233|process=REFLASH|station=BMW_RM_REFLASH_1|newid=28114444;NOresponseBREQ;NOmessageBCMP;NOresponseBCMP
